{
  "sensors": [
    "step_detector  Non-wakeup",
    "step_counter  Non-wakeup",
    "Pocket mode  Wakeup",
    "stationary_detect",
    "call_gesture  Wakeup",
    "SensorHub type",
    "Rotation Vector  Non-wakeup",
    "TMD4910 Proximity Proximity Sensor Wakeup",
    "AK09918 Magnetometer-Uncalibrated",
    "interrupt_gyro  Non-wakeup",
    "LPS22HH Barometer",
    "motion_detect",
    "Tilt Detector  Wakeup",
    "TCS3407 Light CCT  Non-wakeup",
    "Led Cover Event  Wakeup",
    "linear_acceleration",
    "gravity  Non-wakeup",
    "LSM6DSO Gyroscope",
    "Game Rotation Vector  Non-wakeup",
    "LSM6DSO Gyroscope-Uncalibrated",
    "WideIR ALS",
    "TCS3407 Light Ambient Light Sensor Non-wakeup",
    "Proximity strm",
    "smd  Wakeup",
    "Pick Up Gesture  Wakeup",
    "Wake Up Motion  Wakeup",
    "TCS3407 Light Physical Light Sensor Non-wakeup",
    "AK09918 Magnetometer",
    "LSM6DSO Accelerometer-Uncalibrated",
    "LSM6DSO Accelerometer",
    "A96T3X6 Grip sensor",
    "Touch Proximity Sensor",
    "Hall IC",
    "SFH7832 Rear ALS",
    "SFH7832 Rear PROX",
    "SFH7832 IR",
    "SFH7832 RED",
    "SFH7832 GREEN",
    "SFH7832 BLUE",
    "SFH7832 HRM RAW",
    "SFH7832 REAR SVC LED RED",
    "SFH7832 REAR SVC LED GREEN",
    "SFH7832 REAR SVC LED BLUE",
    "Screen Orientation Sensor",
    "Calcurated Lux Sensor",
    "Palm Proximity Sensor",
    "Ear call-gesture state",
    "HRM Sensor",
    "HeartRate Sensor",
    "Motion Sensor",
    "Auto Brightness (Rear Lux)",
    "Orientation Sensor"
  ]
}
